* thread #1, name = 'result', stop reason = breakpoint 1.1
    frame #0: 0x0000555555555500 result`ft_mytest
result`ft_mytest:
->  0x555555555500 <+0>: incq   %rax
    0x555555555503 <+3>: decq   %rax
    0x555555555506 <+6>: retq   

result`ft_strlen:
    0x555555555507 <+0>: pushq  %rsi
(lldb) register read 
General Purpose Registers:
       rax = 0x0000000000000007
       rbx = 0x0000000000000001
       rcx = 0x0000000000100004
       rdx = 0x0000000000100003
       rdi = 0x0000000000100001
       rsi = 0x0000000000100002
       rbp = 0x00007fffffffdf90
       rsp = 0x00007fffffffdf18
        r8 = 0x0000000000100005
        r9 = 0x0000000000100006
       r10 = 0x0000000000000000
       r11 = 0x0000000000000246
       r12 = 0x0000555555554790  result`_start
       r13 = 0x00007fffffffe070
       r14 = 0x0000000000000000
       r15 = 0x0000000000000000
       rip = 0x0000555555555500  result`ft_mytest
    rflags = 0x0000000000000203
        cs = 0x0000000000000033
        fs = 0x0000000000000000
        gs = 0x0000000000000000
        ss = 0x000000000000002b
        ds = 0x0000000000000000
        es = 0x0000000000000000

(lldb) q
Quitting LLDB will kill one or more processes. Do you really want to proceed: [Y/n] y


###################################################

arg1	arg2	arg3	arg4	arg5	arg6
rdi,	rsi,	rdx,	rcx,	 r8,	r9


